Machine DESKTOP-9TSTFHH:7C4C6124
174404 ReadEngineFromIni: lekRemprot
174404 TConversionThread.Create
174404 FireNeedProxyInfo()
174404 Execute in 17:46:04
174427 ReadEngineFromIni: lekRemprot
174427 TConversionThread.Create
174427 FireNeedProxyInfo()
174427 Execute in 17:51:27
174435 LoadSettings Detected|Local|localhost:50001|3000|Normal|Socket||
174436 LoadSettings Detected|Local|localhost:50001|3000|Normal|Socket||
174436 RemProt_LoadLicense
174438 TConversionMgr.SetRequiredInfo()
174438 CustomerLoaded Unregistered|||30/12/1899
174438 SaveSettings Local|localhost:50001|3000|Normal|Socket||
174459 ReadEngineFromIni: lekRemprot
174459 TConversionThread.Create
174459 FireNeedProxyInfo()
174459 Execute in 17:53:59
174554 ReadEngineFromIni: lekRemprot
174554 TConversionThread.Create
174554 FireNeedProxyInfo()
174554 Execute in 17:53:54
174555 LoadSettings File|C:\workspace\robot-desktop\app\Ponto\Ponto.ini|Local|localhost:50001|3000|Normal|Socket||
174555 RemProt_LoadLicense
174558 TConversionMgr.SetRequiredInfo()
174558 CustomerLoaded Unregistered|||30/12/1899
174558 SaveSettings Local|localhost:50001|3000|Normal|Socket||
174618 ReadEngineFromIni: lekRemprot
174618 TConversionThread.Create
174618 FireNeedProxyInfo()
174618 Execute in 17:54:18
174619 LoadSettings File|C:\workspace\robot-desktop\app\Ponto\Ponto.ini|Local|localhost:50001|3000|Normal|Socket||
174619 RemProt_LoadLicense
174622 TConversionMgr.SetRequiredInfo()
174622 CustomerLoaded Unregistered|||30/12/1899
174622 SaveSettings Local|localhost:50001|3000|Normal|Socket||
174647 ReadEngineFromIni: lekRemprot
174647 TConversionThread.Create
174647 FireNeedProxyInfo()
174647 Execute in 17:54:47
174648 LoadSettings File|C:\workspace\robot-desktop\app\Ponto\Ponto.ini|Local|localhost:50001|3000|Normal|Socket||
174648 RemProt_LoadLicense
174654 TConversionMgr.SetRequiredInfo()
174654 CustomerLoaded Unregistered|||30/12/1899
174654 SaveSettings Local|localhost:50001|3000|Normal|Socket||
191454 ReadEngineFromIni: lekRemprot
191454 TConversionThread.Create
191454 FireNeedProxyInfo()
191454 Execute in 19:15:54
191509 ReadEngineFromIni: lekRemprot
191509 TConversionThread.Create
191509 FireNeedProxyInfo()
191509 Execute in 19:19:09
191510 LoadSettings File|C:\workspace\robot-desktop\app\Ponto\Ponto.ini|Local|localhost:50001|3000|Normal|Socket||
191510 RemProt_LoadLicense
191517 ReadEngineFromIni: lekRemprot
191517 TConversionThread.Create
191517 FireNeedProxyInfo()
191517 Execute in 19:16:17
191552 ReadEngineFromIni: lekRemprot
191552 TConversionThread.Create
191552 FireNeedProxyInfo()
191552 Execute in 19:22:52
191604 ReadEngineFromIni: lekRemprot
191604 TConversionThread.Create
191604 FireNeedProxyInfo()
191604 Execute in 19:22:04
191605 LoadSettings File|C:\workspace\robot-desktop\app\Ponto\Ponto.ini|Local|localhost:50001|3000|Normal|Socket||
191605 RemProt_LoadLicense
191609 TConversionMgr.SetRequiredInfo()
191609 CustomerLoaded Unregistered|||30/12/1899
191609 SaveSettings Local|localhost:50001|3000|Normal|Socket||
191613 ReadEngineFromIni: lekRemprot
191613 TConversionThread.Create
191613 FireNeedProxyInfo()
191613 Execute in 19:23:13
191708 ReadEngineFromIni: lekRemprot
191708 TConversionThread.Create
191708 FireNeedProxyInfo()
191708 Execute in 19:22:08
191709 LoadSettings File|C:\workspace\robot-desktop\app\Ponto\Ponto.ini|Local|localhost:50001|3000|Normal|Socket||
191709 RemProt_LoadLicense
191710 TConversionMgr.SetRequiredInfo()
191710 CustomerLoaded Unregistered|||30/12/1899
191710 SaveSettings Local|localhost:50001|3000|Normal|Socket||
191731 ReadEngineFromIni: lekRemprot
191731 TConversionThread.Create
191731 FireNeedProxyInfo()
191731 Execute in 19:22:31
191732 LoadSettings File|C:\workspace\robot-desktop\app\Ponto\Ponto.ini|Local|localhost:50001|3000|Normal|Socket||
191732 RemProt_LoadLicense
191738 ReadEngineFromIni: lekRemprot
191738 TConversionThread.Create
191738 FireNeedProxyInfo()
191738 Execute in 19:22:38
192537 LoadSettings File|C:\workspace\robot-desktop\app\Ponto\Ponto.ini|Local|localhost:50001|3000|Normal|Socket||
192537 RemProt_LoadLicense
192540 TConversionMgr.SetRequiredInfo()
192540 CustomerLoaded Unregistered|||30/12/1899
192540 SaveSettings Local|localhost:50001|3000|Normal|Socket||
192632 TConversionMgr.SetRequiredInfo()
192632 CustomerLoaded Unregistered|||30/12/1899
192632 SaveSettings Local|localhost:50001|3000|Normal|Socket||
192731 TConversionMgr.SetRequiredInfo()
192731 CustomerLoaded Unregistered|||30/12/1899
192731 SaveSettings Local|localhost:50001|3000|Normal|Socket||
192753 ReadEngineFromIni: lekRemprot
192753 TConversionThread.Create
192753 FireNeedProxyInfo()
192753 Execute in 19:28:53
192754 LoadSettings File|C:\workspace\robot-desktop\app\Ponto\Ponto.ini|Local|localhost:50001|3000|Normal|Socket||
192754 RemProt_LoadLicense
192756 TConversionMgr.SetRequiredInfo()
192756 CustomerLoaded Unregistered|||30/12/1899
192756 SaveSettings Local|localhost:50001|3000|Normal|Socket||
192835 ReadEngineFromIni: lekRemprot
192836 TConversionThread.Create
192836 FireNeedProxyInfo()
192836 Execute in 19:37:36
192837 LoadSettings File|C:\workspace\robot-desktop\app\Ponto\Ponto.ini|Local|localhost:50001|3000|Normal|Socket||
192837 RemProt_LoadLicense
192843 ReadEngineFromIni: lekRemprot
192843 TConversionThread.Create
192843 FireNeedProxyInfo()
192843 Execute in 19:31:43
192855 TConversionMgr.SetRequiredInfo()
192855 CustomerLoaded Unregistered|||30/12/1899
192855 SaveSettings Local|localhost:50001|3000|Normal|Socket||
193623 ReadEngineFromIni: lekRemprot
193623 TConversionThread.Create
193623 FireNeedProxyInfo()
193623 Execute in 19:40:23
193624 LoadSettings File|C:\workspace\robot-desktop\app\Ponto\Ponto.ini|Local|localhost:50001|3000|Normal|Socket||
193624 RemProt_LoadLicense
193626 TConversionMgr.SetRequiredInfo()
193626 CustomerLoaded Unregistered|||30/12/1899
193626 SaveSettings Local|localhost:50001|3000|Normal|Socket||
193752 ReadEngineFromIni: lekRemprot
193752 TConversionThread.Create
193752 FireNeedProxyInfo()
193752 Execute in 19:46:52
193753 LoadSettings File|C:\workspace\robot-desktop\app\Ponto\Ponto.ini|Local|localhost:50001|3000|Normal|Socket||
193753 RemProt_LoadLicense
193754 TConversionMgr.SetRequiredInfo()
193754 CustomerLoaded Unregistered|||30/12/1899
193754 SaveSettings Local|localhost:50001|3000|Normal|Socket||
193959 ReadEngineFromIni: lekRemprot
193959 TConversionThread.Create
193959 FireNeedProxyInfo()
193959 Execute in 19:45:59
194000 LoadSettings File|C:\workspace\robot-desktop\app\Ponto\Ponto.ini|Local|localhost:50001|3000|Normal|Socket||
194000 RemProt_LoadLicense
194002 TConversionMgr.SetRequiredInfo()
194002 CustomerLoaded Unregistered|||30/12/1899
194002 SaveSettings Local|localhost:50001|3000|Normal|Socket||
194240 ReadEngineFromIni: lekRemprot
194240 TConversionThread.Create
194240 FireNeedProxyInfo()
194240 Execute in 19:43:40
194241 LoadSettings File|C:\workspace\robot-desktop\app\Ponto\Ponto.ini|Local|localhost:50001|3000|Normal|Socket||
194241 RemProt_LoadLicense
194243 TConversionMgr.SetRequiredInfo()
194243 CustomerLoaded Unregistered|||30/12/1899
194243 SaveSettings Local|localhost:50001|3000|Normal|Socket||
194528 ReadEngineFromIni: lekRemprot
194528 TConversionThread.Create
194528 FireNeedProxyInfo()
194528 Execute in 19:46:28
194529 LoadSettings File|C:\workspace\robot-desktop\app\Ponto\Ponto.ini|Local|localhost:50001|3000|Normal|Socket||
194529 RemProt_LoadLicense
194530 TConversionMgr.SetRequiredInfo()
194530 CustomerLoaded Unregistered|||30/12/1899
194530 SaveSettings Local|localhost:50001|3000|Normal|Socket||
194703 ReadEngineFromIni: lekRemprot
194703 TConversionThread.Create
194703 FireNeedProxyInfo()
194703 Execute in 19:54:03
194704 LoadSettings File|C:\workspace\robot-desktop\app\Ponto\Ponto.ini|Local|localhost:50001|3000|Normal|Socket||
194704 RemProt_LoadLicense
194705 TConversionMgr.SetRequiredInfo()
194705 CustomerLoaded Unregistered|||30/12/1899
194705 SaveSettings Local|localhost:50001|3000|Normal|Socket||
